# JRE version: OpenJDK Runtime Environment (8.0_212-b04) (build 1.8.0_212-release-1586-b04)
# Java VM: OpenJDK 64-Bit Server VM (25.212-b04 mixed mode windows-amd64 compressed oops)
Heap:
 PSYoungGen      total 112128K, used 34309K [0x00000000eba00000, 0x00000000f5780000, 0x0000000100000000)
  eden space 84480K, 7% used [0x00000000eba00000,0x00000000ec087388,0x00000000f0c80000)
  from space 27648K, 99% used [0x00000000f3c80000,0x00000000f577a100,0x00000000f5780000)
  to   space 29184K, 0% used [0x00000000f0c80000,0x00000000f0c80000,0x00000000f2900000)
 ParOldGen       total 68608K, used 44723K [0x00000000c2e00000, 0x00000000c7100000, 0x00000000eba00000)
  object space 68608K, 65% used [0x00000000c2e00000,0x00000000c59acc98,0x00000000c7100000)
 Metaspace       used 51779K, capacity 53495K, committed 53632K, reserved 1095680K
  class space    used 6560K, capacity 6946K, committed 7040K, reserved 1048576K
GC Heap History (10 events):
Event: 7.046 GC heap before
{Heap before GC invocations=12 (full 2):
 PSYoungGen      total 76800K, used 76784K [0x00000000eba00000, 0x00000000f2600000, 0x0000000100000000)
  eden space 61952K, 100% used [0x00000000eba00000,0x00000000ef680000,0x00000000ef680000)
  from space 14848K, 99% used [0x00000000ef680000,0x00000000f04fc0c8,0x00000000f0500000)
  to   space 17408K, 0% used [0x00000000f1500000,0x00000000f1500000,0x00000000f2600000)
 ParOldGen       total 68608K, used 20421K [0x00000000c2e00000, 0x00000000c7100000, 0x00000000eba00000)
  object space 68608K, 29% used [0x00000000c2e00000,0x00000000c41f1588,0x00000000c7100000)
 Metaspace       used 43128K, capacity 43917K, committed 44160K, reserved 1087488K
  class space    used 5431K, capacity 5677K, committed 5760K, reserved 1048576K
Event: 7.064 GC heap after
Heap after GC invocations=12 (full 2):
 PSYoungGen      total 89088K, used 17405K [0x00000000eba00000, 0x00000000f2e80000, 0x0000000100000000)
  eden space 71680K, 0% used [0x00000000eba00000,0x00000000eba00000,0x00000000f0000000)
  from space 17408K, 99% used [0x00000000f1500000,0x00000000f25ff580,0x00000000f2600000)
  to   space 21504K, 0% used [0x00000000f0000000,0x00000000f0000000,0x00000000f1500000)
 ParOldGen       total 68608K, used 25816K [0x00000000c2e00000, 0x00000000c7100000, 0x00000000eba00000)
  object space 68608K, 37% used [0x00000000c2e00000,0x00000000c4736268,0x00000000c7100000)
 Metaspace       used 43128K, capacity 43917K, committed 44160K, reserved 1087488K
  class space    used 5431K, capacity 5677K, committed 5760K, reserved 1048576K
}
Event: 8.210 GC heap before
{Heap before GC invocations=13 (full 2):
 PSYoungGen      total 89088K, used 89085K [0x00000000eba00000, 0x00000000f2e80000, 0x0000000100000000)
  eden space 71680K, 100% used [0x00000000eba00000,0x00000000f0000000,0x00000000f0000000)
  from space 17408K, 99% used [0x00000000f1500000,0x00000000f25ff580,0x00000000f2600000)
  to   space 21504K, 0% used [0x00000000f0000000,0x00000000f0000000,0x00000000f1500000)
 ParOldGen       total 68608K, used 25816K [0x00000000c2e00000, 0x00000000c7100000, 0x00000000eba00000)
  object space 68608K, 37% used [0x00000000c2e00000,0x00000000c4736268,0x00000000c7100000)
 Metaspace       used 48238K, capacity 49355K, committed 49408K, reserved 1091584K
  class space    used 6095K, capacity 6390K, committed 6400K, reserved 1048576K
Event: 8.232 GC heap after
Heap after GC invocations=13 (full 2):
 PSYoungGen      total 93184K, used 21498K [0x00000000eba00000, 0x00000000f4180000, 0x0000000100000000)
  eden space 71680K, 0% used [0x00000000eba00000,0x00000000eba00000,0x00000000f0000000)
  from space 21504K, 99% used [0x00000000f0000000,0x00000000f14fe828,0x00000000f1500000)
  to   space 25088K, 0% used [0x00000000f2900000,0x00000000f2900000,0x00000000f4180000)
 ParOldGen       total 68608K, used 26150K [0x00000000c2e00000, 0x00000000c7100000, 0x00000000eba00000)
  object space 68608K, 38% used [0x00000000c2e00000,0x00000000c4789820,0x00000000c7100000)
 Metaspace       used 48238K, capacity 49355K, committed 49408K, reserved 1091584K
  class space    used 6095K, capacity 6390K, committed 6400K, reserved 1048576K
}
Event: 9.438 GC heap before
{Heap before GC invocations=14 (full 2):
 PSYoungGen      total 93184K, used 93178K [0x00000000eba00000, 0x00000000f4180000, 0x0000000100000000)
  eden space 71680K, 100% used [0x00000000eba00000,0x00000000f0000000,0x00000000f0000000)
  from space 21504K, 99% used [0x00000000f0000000,0x00000000f14fe828,0x00000000f1500000)
  to   space 25088K, 0% used [0x00000000f2900000,0x00000000f2900000,0x00000000f4180000)
 ParOldGen       total 68608K, used 26150K [0x00000000c2e00000, 0x00000000c7100000, 0x00000000eba00000)
  object space 68608K, 38% used [0x00000000c2e00000,0x00000000c4789820,0x00000000c7100000)
 Metaspace       used 49113K, capacity 50277K, committed 50560K, reserved 1093632K
  class space    used 6176K, capacity 6473K, committed 6528K, reserved 1048576K
Event: 9.469 GC heap after
Heap after GC invocations=14 (full 2):
 PSYoungGen      total 109568K, used 25080K [0x00000000eba00000, 0x00000000f4b00000, 0x0000000100000000)
  eden space 84480K, 0% used [0x00000000eba00000,0x00000000eba00000,0x00000000f0c80000)
  from space 25088K, 99% used [0x00000000f2900000,0x00000000f417e2c8,0x00000000f4180000)
  to   space 29184K, 0% used [0x00000000f0c80000,0x00000000f0c80000,0x00000000f2900000)
 ParOldGen       total 68608K, used 27217K [0x00000000c2e00000, 0x00000000c7100000, 0x00000000eba00000)
  object space 68608K, 39% used [0x00000000c2e00000,0x00000000c4894688,0x00000000c7100000)
 Metaspace       used 49113K, capacity 50277K, committed 50560K, reserved 1093632K
  class space    used 6176K, capacity 6473K, committed 6528K, reserved 1048576K
}
Event: 11.094 GC heap before
{Heap before GC invocations=15 (full 2):
 PSYoungGen      total 109568K, used 109560K [0x00000000eba00000, 0x00000000f4b00000, 0x0000000100000000)
  eden space 84480K, 100% used [0x00000000eba00000,0x00000000f0c80000,0x00000000f0c80000)
  from space 25088K, 99% used [0x00000000f2900000,0x00000000f417e2c8,0x00000000f4180000)
  to   space 29184K, 0% used [0x00000000f0c80000,0x00000000f0c80000,0x00000000f2900000)
 ParOldGen       total 68608K, used 27217K [0x00000000c2e00000, 0x00000000c7100000, 0x00000000eba00000)
  object space 68608K, 39% used [0x00000000c2e00000,0x00000000c4894688,0x00000000c7100000)
 Metaspace       used 51656K, capacity 53419K, committed 53632K, reserved 1095680K
  class space    used 6558K, capacity 6944K, committed 7040K, reserved 1048576K
Event: 11.129 GC heap after
Heap after GC invocations=15 (full 2):
 PSYoungGen      total 113664K, used 13437K [0x00000000eba00000, 0x00000000f5780000, 0x0000000100000000)
  eden space 84480K, 0% used [0x00000000eba00000,0x00000000eba00000,0x00000000f0c80000)
  from space 29184K, 46% used [0x00000000f0c80000,0x00000000f199f558,0x00000000f2900000)
  to   space 27648K, 0% used [0x00000000f3c80000,0x00000000f3c80000,0x00000000f5780000)
 ParOldGen       total 68608K, used 43595K [0x00000000c2e00000, 0x00000000c7100000, 0x00000000eba00000)
  object space 68608K, 63% used [0x00000000c2e00000,0x00000000c5892c68,0x00000000c7100000)
 Metaspace       used 51656K, capacity 53419K, committed 53632K, reserved 1095680K
  class space    used 6558K, capacity 6944K, committed 7040K, reserved 1048576K
}
Event: 11.523 GC heap before
{Heap before GC invocations=16 (full 2):
 PSYoungGen      total 113664K, used 97917K [0x00000000eba00000, 0x00000000f5780000, 0x0000000100000000)
  eden space 84480K, 100% used [0x00000000eba00000,0x00000000f0c80000,0x00000000f0c80000)
  from space 29184K, 46% used [0x00000000f0c80000,0x00000000f199f558,0x00000000f2900000)
  to   space 27648K, 0% used [0x00000000f3c80000,0x00000000f3c80000,0x00000000f5780000)
 ParOldGen       total 68608K, used 43595K [0x00000000c2e00000, 0x00000000c7100000, 0x00000000eba00000)
  object space 68608K, 63% used [0x00000000c2e00000,0x00000000c5892c68,0x00000000c7100000)
 Metaspace       used 51779K, capacity 53495K, committed 53632K, reserved 1095680K
  class space    used 6560K, capacity 6946K, committed 7040K, reserved 1048576K
Event: 11.556 GC heap after
Heap after GC invocations=16 (full 2):
 PSYoungGen      total 112128K, used 27624K [0x00000000eba00000, 0x00000000f5780000, 0x0000000100000000)
  eden space 84480K, 0% used [0x00000000eba00000,0x00000000eba00000,0x00000000f0c80000)
  from space 27648K, 99% used [0x00000000f3c80000,0x00000000f577a100,0x00000000f5780000)
  to   space 29184K, 0% used [0x00000000f0c80000,0x00000000f0c80000,0x00000000f2900000)
 ParOldGen       total 68608K, used 44723K [0x00000000c2e00000, 0x00000000c7100000, 0x00000000eba00000)
  object space 68608K, 65% used [0x00000000c2e00000,0x00000000c59acc98,0x00000000c7100000)
 Metaspace       used 51779K, capacity 53495K, committed 53632K, reserved 1095680K
  class space    used 6560K, capacity 6946K, committed 7040K, reserved 1048576K
}

